<?xml version="1.0" encoding="UTF-8"?>
<!-- Generated by org.testng.reporters.JUnitReportReporter -->
<testsuite hostname="DESKTOP-4P47PET" failures="0" tests="1" name="TestNGTest1" time="0.463" errors="0" timestamp="2023-02-14T10:17:28 ICT" skipped="0">
  <testcase classname="TestNGTest1" name="firstTest" time="0.463"/>
  <system-out/>
</testsuite> <!-- TestNGTest1 -->
