<?xml version="1.0" encoding="UTF-8"?>
<!-- Generated by org.testng.reporters.JUnitReportReporter -->
<testsuite hostname="DESKTOP-4P47PET" failures="0" tests="1" name="TestNGTest2" time="0.395" errors="0" timestamp="2023-02-14T10:54:07 ICT" skipped="0">
  <testcase classname="TestNGTest2" name="firstTest" time="0.395"/>
  <system-out/>
</testsuite> <!-- TestNGTest2 -->
