<?xml version="1.0" encoding="UTF-8"?>
<!-- Generated by org.testng.reporters.JUnitReportReporter -->
<testsuite hostname="DESKTOP-4P47PET" failures="0" tests="3" name="TestNGTest1" time="5.695" errors="0" timestamp="2023-02-14T12:09:29 ICT" skipped="0">
  <testcase classname="TestNGTest1" name="firstTest" time="4.127"/>
  <system-out/>
  <testcase classname="TestNGTest1" name="secondTest" time="1.009"/>
  <system-out/>
  <testcase classname="TestNGTest1" name="thirdTest" time="0.559"/>
  <system-out/>
</testsuite> <!-- TestNGTest1 -->
